<?xml version="1.0" encoding="UTF-8"?>
<coverage generated="1574101982788" clover="3.2.0">
  <project timestamp="1574101982789" name="All files">
    <metrics statements="42" coveredstatements="14" conditionals="8" coveredconditionals="2" methods="7" coveredmethods="1" elements="57" coveredelements="17" complexity="0" loc="42" ncloc="42" packages="1" files="2" classes="2"/>
    <file name="calculator.js" path="C:\Users\DBetancourt\Git\web-calculator-service\calculator.js">
      <metrics statements="16" coveredstatements="2" conditionals="6" coveredconditionals="0" methods="2" coveredmethods="1"/>
      <line num="1" count="1" type="stmt"/>
      <line num="5" count="1" type="stmt"/>
      <line num="10" count="0" type="cond" truecount="0" falsecount="2"/>
      <line num="12" count="0" type="stmt"/>
      <line num="14" count="0" type="stmt"/>
      <line num="18" count="0" type="stmt"/>
      <line num="20" count="0" type="cond" truecount="0" falsecount="4"/>
      <line num="22" count="0" type="stmt"/>
      <line num="23" count="0" type="stmt"/>
      <line num="24" count="0" type="stmt"/>
      <line num="25" count="0" type="stmt"/>
      <line num="26" count="0" type="stmt"/>
      <line num="27" count="0" type="stmt"/>
      <line num="28" count="0" type="stmt"/>
      <line num="29" count="0" type="stmt"/>
      <line num="33" count="0" type="stmt"/>
    </file>
    <file name="service.js" path="C:\Users\DBetancourt\Git\web-calculator-service\service.js">
      <metrics statements="26" coveredstatements="12" conditionals="2" coveredconditionals="2" methods="5" coveredmethods="0"/>
      <line num="1" count="1" type="stmt"/>
      <line num="2" count="1" type="stmt"/>
      <line num="3" count="1" type="stmt"/>
      <line num="4" count="1" type="stmt"/>
      <line num="6" count="1" type="stmt"/>
      <line num="7" count="1" type="cond" truecount="2" falsecount="0"/>
      <line num="9" count="1" type="stmt"/>
      <line num="11" count="0" type="stmt"/>
      <line num="14" count="1" type="stmt"/>
      <line num="16" count="0" type="stmt"/>
      <line num="17" count="0" type="stmt"/>
      <line num="18" count="0" type="stmt"/>
      <line num="19" count="0" type="stmt"/>
      <line num="20" count="0" type="stmt"/>
      <line num="21" count="0" type="stmt"/>
      <line num="22" count="0" type="stmt"/>
      <line num="25" count="1" type="stmt"/>
      <line num="27" count="0" type="stmt"/>
      <line num="28" count="0" type="stmt"/>
      <line num="31" count="1" type="stmt"/>
      <line num="33" count="0" type="stmt"/>
      <line num="35" count="0" type="stmt"/>
      <line num="40" count="0" type="stmt"/>
      <line num="44" count="1" type="stmt"/>
      <line num="46" count="0" type="stmt"/>
      <line num="49" count="1" type="stmt"/>
    </file>
  </project>
</coverage>
